2021-08-27 00:18:39,540-[operateConfigData.py]-Line: 25 INFO: 目录：E:\MY_PROJECT\my_project\DDT_FrameWork\config\driverPath.ini 检索成功，正在获取文件中数据，请稍后...
2021-08-27 00:18:51,495-[operateConfigData.py]-Line: 25 INFO: 目录：E:\MY_PROJECT\my_project\DDT_FrameWork\config\driverPath.ini 检索成功，正在获取文件中数据，请稍后...
2021-08-27 00:20:03,252-[operateConfigData.py]-Line: 25 INFO: 目录：E:\MY_PROJECT\my_project\DDT_FrameWork\config\driverPath.ini 检索成功，正在获取文件中数据，请稍后...
2021-08-27 00:22:48,199-[operateConfigData.py]-Line: 25 INFO: 目录：E:\MY_PROJECT\my_project\DDT_FrameWork\config\driverPath.ini 检索成功，正在获取文件中数据，请稍后...
2021-08-27 12:08:49,091-[checkRequirements.py]-Line: 36 INFO: 检测本地python版本为：3.7.1，可以运行该测试项目
2021-08-27 12:08:50,845-[checkRequirements.py]-Line: 78 INFO: 检测项目所需依赖版本：PyYAML==5.3 已安装，可正常运行
2021-08-27 13:31:54,138-[checkRequirements.py]-Line: 36 INFO: 检测本地python版本为：3.7.1，可以运行该测试项目
2021-08-27 13:31:56,681-[checkRequirements.py]-Line: 79 INFO: 检测项目所需依赖版本：PyYAML==5.3 已安装，可正常运行
2021-08-27 13:35:41,387-[checkRequirements.py]-Line: 36 INFO: 检测本地python版本为：3.7.1，可以运行该测试项目
2021-08-27 13:35:42,675-[checkRequirements.py]-Line: 78 INFO: 检测项目所需依赖版本：PyYAML==5.3 已安装，可正常运行
2021-08-27 13:35:42,676-[checkRequirements.py]-Line: 78 INFO: 检测项目所需依赖版本：selenium==3.141.0 已安装，可正常运行
2021-08-27 13:35:42,676-[checkRequirements.py]-Line: 78 INFO: 检测项目所需依赖版本：requests==2.7.0 已安装，可正常运行
2021-08-27 13:35:43,973-[checkRequirements.py]-Line: 48 INFO: 系统正在安装项目依赖库：requests==2.7.0，请稍后...
2021-08-27 13:35:43,973-[checkRequirements.py]-Line: 53 INFO: 项目依赖库：requests==2.7.0 安装成功！
2021-08-27 13:35:43,973-[checkRequirements.py]-Line: 78 INFO: 检测项目所需依赖版本：PyEmail==0.0.1 已安装，可正常运行
2021-08-27 13:35:43,973-[checkRequirements.py]-Line: 78 INFO: 检测项目所需依赖版本：xlrd==1.2.0 已安装，可正常运行
2021-08-27 13:35:43,973-[checkRequirements.py]-Line: 78 INFO: 检测项目所需依赖版本：xlwt==1.3.0 已安装，可正常运行
2021-08-27 13:35:43,974-[checkRequirements.py]-Line: 78 INFO: 检测项目所需依赖版本：xlutils==2.0.0 已安装，可正常运行
2021-08-27 13:35:45,258-[checkRequirements.py]-Line: 48 INFO: 系统正在安装项目依赖库：xlutils==2.0.0，请稍后...
2021-08-27 13:35:45,258-[checkRequirements.py]-Line: 53 INFO: 项目依赖库：xlutils==2.0.0 安装成功！
2021-08-27 13:36:22,658-[checkRequirements.py]-Line: 36 INFO: 检测本地python版本为：3.7.1，可以运行该测试项目
2021-08-27 13:36:23,753-[checkRequirements.py]-Line: 78 INFO: 检测项目所需依赖版本：PyYAML==5.3 已安装，可正常运行
2021-08-27 13:36:23,753-[checkRequirements.py]-Line: 78 INFO: 检测项目所需依赖版本：selenium==3.141.0 已安装，可正常运行
2021-08-27 13:36:23,753-[checkRequirements.py]-Line: 78 INFO: 检测项目所需依赖版本：requests==2.7.0 已安装，可正常运行
2021-08-27 13:36:25,027-[checkRequirements.py]-Line: 48 INFO: 系统正在安装项目依赖库：requests==2.7.0，请稍后...
2021-08-27 13:36:25,027-[checkRequirements.py]-Line: 53 INFO: 项目依赖库：requests==2.7.0 安装成功！
2021-08-27 13:36:25,028-[checkRequirements.py]-Line: 78 INFO: 检测项目所需依赖版本：PyEmail==0.0.1 已安装，可正常运行
2021-08-27 13:36:25,028-[checkRequirements.py]-Line: 78 INFO: 检测项目所需依赖版本：xlrd==1.2.0 已安装，可正常运行
2021-08-27 13:36:25,028-[checkRequirements.py]-Line: 78 INFO: 检测项目所需依赖版本：xlwt==1.3.0 已安装，可正常运行
2021-08-27 13:36:25,028-[checkRequirements.py]-Line: 78 INFO: 检测项目所需依赖版本：xlutils==2.0.0 已安装，可正常运行
2021-08-27 13:36:26,340-[checkRequirements.py]-Line: 48 INFO: 系统正在安装项目依赖库：xlutils==2.0.0，请稍后...
2021-08-27 13:36:26,340-[checkRequirements.py]-Line: 53 INFO: 项目依赖库：xlutils==2.0.0 安装成功！
2021-08-27 13:40:54,440-[checkRequirements.py]-Line: 36 INFO: 检测本地python版本为：3.7.1，可以运行该测试项目
2021-08-27 13:40:55,582-[checkRequirements.py]-Line: 78 INFO: 检测项目所需依赖版本：PyYAML==5.3 已安装，可正常运行
2021-08-27 13:40:55,582-[checkRequirements.py]-Line: 78 INFO: 检测项目所需依赖版本：selenium==3.141.0 已安装，可正常运行
2021-08-27 13:40:55,582-[checkRequirements.py]-Line: 78 INFO: 检测项目所需依赖版本：requests==2.7.0 已安装，可正常运行
2021-08-27 13:40:56,844-[checkRequirements.py]-Line: 48 INFO: 系统正在安装项目依赖库：requests==2.7.0，请稍后...
2021-08-27 13:40:56,844-[checkRequirements.py]-Line: 53 INFO: 项目依赖库：requests==2.7.0 安装成功！
2021-08-27 13:40:56,844-[checkRequirements.py]-Line: 78 INFO: 检测项目所需依赖版本：PyEmail==0.0.1 已安装，可正常运行
2021-08-27 13:40:56,844-[checkRequirements.py]-Line: 78 INFO: 检测项目所需依赖版本：xlrd==1.2.0 已安装，可正常运行
2021-08-27 13:40:56,844-[checkRequirements.py]-Line: 78 INFO: 检测项目所需依赖版本：xlwt==1.3.0 已安装，可正常运行
2021-08-27 13:40:56,844-[checkRequirements.py]-Line: 78 INFO: 检测项目所需依赖版本：xlutils==2.0.0 已安装，可正常运行
2021-08-27 13:58:56,080-[checkRequirements.py]-Line: 36 INFO: 检测本地python版本为：3.7.1，可以运行该测试项目
2021-08-27 13:58:57,247-[checkRequirements.py]-Line: 78 INFO: 检测项目所需依赖版本：PyYAML==5.3 已安装，可正常运行
2021-08-27 13:58:57,248-[checkRequirements.py]-Line: 78 INFO: 检测项目所需依赖版本：selenium==3.141.0 已安装，可正常运行
2021-08-27 13:58:57,248-[checkRequirements.py]-Line: 78 INFO: 检测项目所需依赖版本：requests==2.7.0 已安装，可正常运行
2021-08-27 13:58:57,248-[checkRequirements.py]-Line: 78 INFO: 检测项目所需依赖版本：PyEmail==0.0.1 已安装，可正常运行
2021-08-27 13:58:57,248-[checkRequirements.py]-Line: 78 INFO: 检测项目所需依赖版本：xlrd==1.2.0 已安装，可正常运行
2021-08-27 13:58:57,248-[checkRequirements.py]-Line: 78 INFO: 检测项目所需依赖版本：xlwt==1.3.0 已安装，可正常运行
2021-08-27 13:58:57,248-[checkRequirements.py]-Line: 78 INFO: 检测项目所需依赖版本：xlutils==2.0.0 已安装，可正常运行
2021-08-27 18:29:55,687-[checkDriverVersion.py]-Line: 44 INFO: 检测本地谷歌浏览器版本为：92.0.4515.159 
2021-08-27 18:29:55,697-[checkDriverVersion.py]-Line: 67 INFO: 项目驱动中已匹配到本地chrome浏览器对应驱动版本：E:\MY_PROJECT\my_project\DDT_FrameWork\config\driver\92_chromedriver.exe 
2021-08-27 18:29:55,697-[operateConfigData.py]-Line: 25 INFO: 目录：E:\MY_PROJECT\my_project\DDT_FrameWork\config\driverPath.ini 检索成功，正在获取文件中数据，请稍后...
2021-08-27 18:29:55,697-[operateConfigData.py]-Line: 51 INFO: 正在配置文件中写入，section：driver_path，option：path，value：E:\MY_PROJECT\my_project\DDT_FrameWork\config\driver\92_chromedriver.exe
2021-08-27 20:52:10,629-[operateTxtData.py]-Line: 24 INFO: 目录：../../requirements 检索成功，正在获取文件中数据，请稍后...
2021-08-27 21:24:02,301-[checkRequirements.py]-Line: 37 INFO: 检测本地python版本为：3.7.1，可以运行该测试项目
2021-08-27 21:24:02,302-[operateTxtData.py]-Line: 24 INFO: 目录：E:\MY_PROJECT\my_project\DDT_FrameWork\requirements 检索成功，正在获取文件中数据，请稍后...
2021-08-27 21:24:03,575-[checkRequirements.py]-Line: 75 INFO: 检测项目所需依赖版本：PyYAML==5.3 已安装，可正常运行
2021-08-27 21:24:03,575-[checkRequirements.py]-Line: 75 INFO: 检测项目所需依赖版本：selenium==3.141.0 已安装，可正常运行
2021-08-27 21:24:03,575-[checkRequirements.py]-Line: 75 INFO: 检测项目所需依赖版本：requests==2.7.0 已安装，可正常运行
2021-08-27 21:24:03,576-[checkRequirements.py]-Line: 75 INFO: 检测项目所需依赖版本：PyEmail==0.0.1 已安装，可正常运行
2021-08-27 21:24:03,576-[checkRequirements.py]-Line: 75 INFO: 检测项目所需依赖版本：xlrd==1.2.0 已安装，可正常运行
2021-08-27 21:24:03,576-[checkRequirements.py]-Line: 75 INFO: 检测项目所需依赖版本：xlwt==1.3.0 已安装，可正常运行
2021-08-27 21:24:03,576-[checkRequirements.py]-Line: 75 INFO: 检测项目所需依赖版本：xlutils==2.0.0 已安装，可正常运行
2021-08-27 21:29:41,561-[checkRequirements.py]-Line: 37 INFO: 检测本地python版本为：3.7.1，可以运行该测试项目
2021-08-27 21:29:41,561-[operateTxtData.py]-Line: 24 INFO: 目录：E:\MY_PROJECT\my_project\DDT_FrameWork\requirements 检索成功，正在获取文件中数据，请稍后...
2021-08-27 21:29:42,694-[checkRequirements.py]-Line: 75 INFO: 检测项目所需依赖版本：PyYAML==5.3 已安装，可正常运行
2021-08-27 21:29:42,694-[checkRequirements.py]-Line: 75 INFO: 检测项目所需依赖版本：selenium==3.141.0 已安装，可正常运行
2021-08-27 21:29:42,694-[checkRequirements.py]-Line: 75 INFO: 检测项目所需依赖版本：requests==2.7.0 已安装，可正常运行
2021-08-27 21:29:42,694-[checkRequirements.py]-Line: 75 INFO: 检测项目所需依赖版本：PyEmail==0.0.1 已安装，可正常运行
2021-08-27 21:29:42,694-[checkRequirements.py]-Line: 75 INFO: 检测项目所需依赖版本：xlrd==1.2.0 已安装，可正常运行
2021-08-27 21:29:42,694-[checkRequirements.py]-Line: 75 INFO: 检测项目所需依赖版本：xlwt==1.3.0 已安装，可正常运行
2021-08-27 21:29:42,694-[checkRequirements.py]-Line: 75 INFO: 检测项目所需依赖版本：xlutils==2.0.0 已安装，可正常运行
