2021-09-08 21:26:51,565-[checkRequirements.py]-Line: 37 INFO: 检测本地python版本为：3.7.1，可以运行该测试项目
2021-09-08 21:26:51,565-[operateTxtData.py]-Line: 24 INFO: 目录：E:\MY_PROJECT\my_project\DDT_FrameWork\requirements 检索成功，正在获取文件中数据，请稍后...
2021-09-08 21:26:53,655-[checkRequirements.py]-Line: 75 INFO: 检测项目所需依赖版本：PyYAML==5.3 已安装，可正常运行
2021-09-08 21:26:53,655-[checkRequirements.py]-Line: 75 INFO: 检测项目所需依赖版本：selenium==3.141.0 已安装，可正常运行
2021-09-08 21:26:53,655-[checkRequirements.py]-Line: 75 INFO: 检测项目所需依赖版本：requests==2.7.0 已安装，可正常运行
2021-09-08 21:26:53,655-[checkRequirements.py]-Line: 75 INFO: 检测项目所需依赖版本：PyEmail==0.0.1 已安装，可正常运行
2021-09-08 21:26:53,655-[checkRequirements.py]-Line: 75 INFO: 检测项目所需依赖版本：xlrd==1.2.0 已安装，可正常运行
2021-09-08 21:26:53,655-[checkRequirements.py]-Line: 75 INFO: 检测项目所需依赖版本：xlwt==1.3.0 已安装，可正常运行
2021-09-08 21:26:53,655-[checkRequirements.py]-Line: 75 INFO: 检测项目所需依赖版本：xlutils==2.0.0 已安装，可正常运行
2021-09-08 22:58:58,386-[operateConfigData.py]-Line: 25 INFO: 目录：E:\MY_PROJECT\my_project\DDT_FrameWork\config\browser.ini 检索成功，正在获取文件中数据，请稍后...
2021-09-08 22:58:58,386-[operateConfigData.py]-Line: 25 INFO: 目录：E:\MY_PROJECT\my_project\DDT_FrameWork\config\connectParam.ini 检索成功，正在获取文件中数据，请稍后...
2021-09-08 22:59:00,959-[browser.py]-Line: 67 INFO: 浏览器名称：chrome 配置不正确，默认打开 Chrome 浏览器...
2021-09-08 22:59:37,831-[operateConfigData.py]-Line: 25 INFO: 目录：E:\MY_PROJECT\my_project\DDT_FrameWork\config\browser.ini 检索成功，正在获取文件中数据，请稍后...
2021-09-08 22:59:37,841-[operateConfigData.py]-Line: 25 INFO: 目录：E:\MY_PROJECT\my_project\DDT_FrameWork\config\connectParam.ini 检索成功，正在获取文件中数据，请稍后...
2021-09-08 23:00:07,300-[operateConfigData.py]-Line: 25 INFO: 目录：E:\MY_PROJECT\my_project\DDT_FrameWork\config\browser.ini 检索成功，正在获取文件中数据，请稍后...
2021-09-08 23:00:07,300-[operateConfigData.py]-Line: 25 INFO: 目录：E:\MY_PROJECT\my_project\DDT_FrameWork\config\connectParam.ini 检索成功，正在获取文件中数据，请稍后...
2021-09-08 23:00:54,823-[operateConfigData.py]-Line: 25 INFO: 目录：E:\MY_PROJECT\my_project\DDT_FrameWork\config\browser.ini 检索成功，正在获取文件中数据，请稍后...
2021-09-08 23:00:54,823-[operateConfigData.py]-Line: 25 INFO: 目录：E:\MY_PROJECT\my_project\DDT_FrameWork\config\connectParam.ini 检索成功，正在获取文件中数据，请稍后...
2021-09-08 23:02:34,615-[operateConfigData.py]-Line: 25 INFO: 目录：E:\MY_PROJECT\my_project\DDT_FrameWork\config\browser.ini 检索成功，正在获取文件中数据，请稍后...
2021-09-08 23:02:34,615-[operateConfigData.py]-Line: 25 INFO: 目录：E:\MY_PROJECT\my_project\DDT_FrameWork\config\connectParam.ini 检索成功，正在获取文件中数据，请稍后...
2021-09-08 23:02:35,776-[browser.py]-Line: 65 INFO: 正在打开：Chrome 浏览器...
2021-09-08 23:08:04,166-[operateConfigData.py]-Line: 25 INFO: 目录：E:\MY_PROJECT\my_project\DDT_FrameWork\config\browser.ini 检索成功，正在获取文件中数据，请稍后...
2021-09-08 23:08:04,166-[operateConfigData.py]-Line: 25 INFO: 目录：E:\MY_PROJECT\my_project\DDT_FrameWork\config\connectParam.ini 检索成功，正在获取文件中数据，请稍后...
2021-09-08 23:08:05,826-[browser.py]-Line: 66 INFO: 正在打开：Chrome 浏览器...
2021-09-08 23:08:26,979-[operateConfigData.py]-Line: 25 INFO: 目录：E:\MY_PROJECT\my_project\DDT_FrameWork\config\browser.ini 检索成功，正在获取文件中数据，请稍后...
2021-09-08 23:08:26,979-[operateConfigData.py]-Line: 25 INFO: 目录：E:\MY_PROJECT\my_project\DDT_FrameWork\config\connectParam.ini 检索成功，正在获取文件中数据，请稍后...
2021-09-08 23:08:28,595-[browser.py]-Line: 66 INFO: 正在打开：Chrome 浏览器...
2021-09-08 23:13:22,094-[operateConfigData.py]-Line: 25 INFO: 目录：E:\MY_PROJECT\my_project\DDT_FrameWork\config\browser.ini 检索成功，正在获取文件中数据，请稍后...
2021-09-08 23:13:22,094-[operateConfigData.py]-Line: 25 INFO: 目录：E:\MY_PROJECT\my_project\DDT_FrameWork\config\connectParam.ini 检索成功，正在获取文件中数据，请稍后...
2021-09-08 23:13:23,649-[browser.py]-Line: 71 INFO: 正在打开：Chrome 浏览器...
2021-09-08 23:23:49,166-[operateConfigData.py]-Line: 25 INFO: 目录：E:\MY_PROJECT\my_project\DDT_FrameWork\config\browser.ini 检索成功，正在获取文件中数据，请稍后...
2021-09-08 23:23:49,166-[operateConfigData.py]-Line: 25 INFO: 目录：E:\MY_PROJECT\my_project\DDT_FrameWork\config\connectParam.ini 检索成功，正在获取文件中数据，请稍后...
2021-09-08 23:23:50,773-[browser.py]-Line: 84 INFO: 正在打开：Chrome 浏览器...
2021-09-08 23:23:50,773-[browser.py]-Line: 89 INFO: 设置隐式等待：10s
2021-09-08 23:25:52,945-[operateConfigData.py]-Line: 25 INFO: 目录：E:\MY_PROJECT\my_project\DDT_FrameWork\config\browser.ini 检索成功，正在获取文件中数据，请稍后...
2021-09-08 23:25:52,945-[operateConfigData.py]-Line: 25 INFO: 目录：E:\MY_PROJECT\my_project\DDT_FrameWork\config\connectParam.ini 检索成功，正在获取文件中数据，请稍后...
2021-09-08 23:25:54,453-[browser.py]-Line: 84 INFO: 正在打开：Chrome 浏览器...
2021-09-08 23:25:54,453-[browser.py]-Line: 89 INFO: 设置隐式等待：10s
2021-09-08 23:45:30,278-[operateConfigData.py]-Line: 25 INFO: 目录：E:\MY_PROJECT\my_project\DDT_FrameWork\config\browser.ini 检索成功，正在获取文件中数据，请稍后...
2021-09-08 23:48:46,881-[operateConfigData.py]-Line: 25 INFO: 目录：E:\MY_PROJECT\my_project\DDT_FrameWork\config\browser.ini 检索成功，正在获取文件中数据，请稍后...
2021-09-08 23:51:24,226-[operateConfigData.py]-Line: 25 INFO: 目录：E:\MY_PROJECT\my_project\DDT_FrameWork\config\browser.ini 检索成功，正在获取文件中数据，请稍后...
2021-09-08 23:51:24,226-[operateConfigData.py]-Line: 25 INFO: 目录：E:\MY_PROJECT\my_project\DDT_FrameWork\config\connectParam.ini 检索成功，正在获取文件中数据，请稍后...
2021-09-08 23:51:25,772-[browser.py]-Line: 40 INFO: 正在打开：Chrome 浏览器...
2021-09-08 23:51:25,772-[browser.py]-Line: 45 INFO: 设置隐式等待：10s
2021-09-08 23:51:26,825-[browser.py]-Line: 100 INFO: 打开地址：https://www.baidu.com
2021-09-08 23:51:29,324-[browser.py]-Line: 100 INFO: 打开地址：https://www.douban.com
2021-09-08 23:51:29,332-[browser.py]-Line: 120 INFO: 获取当前页面url地址：https://www.douban.com/
2021-09-08 23:51:29,339-[browser.py]-Line: 126 INFO: 获取当前页面url地址：豆瓣
2021-09-08 23:51:31,601-[browser.py]-Line: 110 INFO: 退出当前浏览器
2021-09-08 23:53:03,859-[operateConfigData.py]-Line: 25 INFO: 目录：E:\MY_PROJECT\my_project\DDT_FrameWork\config\browser.ini 检索成功，正在获取文件中数据，请稍后...
2021-09-08 23:53:03,859-[operateConfigData.py]-Line: 25 INFO: 目录：E:\MY_PROJECT\my_project\DDT_FrameWork\config\connectParam.ini 检索成功，正在获取文件中数据，请稍后...
2021-09-08 23:53:05,379-[browser.py]-Line: 39 INFO: 正在打开：Chrome 浏览器...
2021-09-08 23:53:05,380-[browser.py]-Line: 44 INFO: 设置隐式等待：10s
2021-09-08 23:53:06,396-[browser.py]-Line: 99 INFO: 打开地址：https://www.baidu.com
2021-09-08 23:53:06,476-[browser.py]-Line: 96 INFO: 重新打开一个网页地址：https://www.douban.com
2021-09-08 23:53:06,488-[browser.py]-Line: 119 INFO: 获取当前页面url地址：https://www.baidu.com/
2021-09-08 23:53:06,559-[browser.py]-Line: 125 INFO: 获取当前页面标题信息：百度一下，你就知道
2021-09-08 23:53:09,726-[browser.py]-Line: 109 INFO: 退出当前浏览器
