2021-09-13 00:02:00,017-[operateConfigData.py]-Line: 25 INFO: 文件：browser.ini 检索成功，正在获取文件中数据，请稍后...
2021-09-13 00:02:00,024-[operateConfigData.py]-Line: 25 INFO: 文件：connectParam.ini 检索成功，正在获取文件中数据，请稍后...
2021-09-13 00:02:01,548-[browser.py]-Line: 46 INFO: 正在打开：Chrome 浏览器...
2021-09-13 00:02:01,549-[browser.py]-Line: 51 INFO: 设置隐式等待：10s
2021-09-13 00:02:02,684-[browser.py]-Line: 107 INFO: 打开地址：http://www.baidu.com
2021-09-13 00:02:02,734-[waitElement.py]-Line: 58 INFO: 当前页面中 10s 内已检索到且可见对应元素：kw
2021-09-13 00:02:03,011-[waitElement.py]-Line: 58 INFO: 当前页面中 10s 内已检索到且可见对应元素：su
2021-09-13 00:35:31,744-[operateConfigData.py]-Line: 25 INFO: 文件：browser.ini 检索成功，正在获取文件中数据，请稍后...
2021-09-13 00:35:31,744-[operateConfigData.py]-Line: 25 INFO: 文件：connectParam.ini 检索成功，正在获取文件中数据，请稍后...
2021-09-13 00:35:33,571-[browser.py]-Line: 46 INFO: 正在打开：Chrome 浏览器...
2021-09-13 00:35:33,571-[browser.py]-Line: 51 INFO: 设置隐式等待：10s
2021-09-13 00:35:34,939-[browser.py]-Line: 107 INFO: 打开地址：http://www.baidu.com
2021-09-13 00:35:35,040-[wait.py]-Line: 58 INFO: 当前页面中 10s 内已检索到且可见对应元素：kw
2021-09-13 00:35:35,275-[input.py]-Line: 27 INFO: 输入框：kw 中输入关键字：python
2021-09-13 00:39:29,913-[operateConfigData.py]-Line: 25 INFO: 文件：browser.ini 检索成功，正在获取文件中数据，请稍后...
2021-09-13 00:39:29,913-[operateConfigData.py]-Line: 25 INFO: 文件：connectParam.ini 检索成功，正在获取文件中数据，请稍后...
2021-09-13 00:39:31,641-[browser.py]-Line: 45 INFO: 正在打开：Chrome 浏览器...
2021-09-13 00:39:31,642-[browser.py]-Line: 50 INFO: 设置隐式等待：10s
2021-09-13 00:39:32,902-[browser.py]-Line: 106 INFO: 打开地址：http://www.baidu.com
2021-09-13 00:39:32,972-[wait.py]-Line: 55 INFO: 当前页面中 10s 内已检索到且可见对应元素：kw
2021-09-13 00:39:33,148-[input.py]-Line: 24 INFO: 输入框：kw 中输入关键字：python
2021-09-13 00:48:46,150-[operateConfigData.py]-Line: 25 INFO: 文件：browser.ini 检索成功，正在获取文件中数据，请稍后...
2021-09-13 00:48:46,155-[operateConfigData.py]-Line: 25 INFO: 文件：connectParam.ini 检索成功，正在获取文件中数据，请稍后...
2021-09-13 00:48:47,856-[browser.py]-Line: 45 INFO: 正在打开：Chrome 浏览器...
2021-09-13 00:48:47,856-[browser.py]-Line: 50 INFO: 设置隐式等待：10s
2021-09-13 00:48:49,066-[browser.py]-Line: 106 INFO: 打开地址：http://www.baidu.com
2021-09-13 00:48:49,115-[wait.py]-Line: 55 INFO: 当前页面中 10s 内已检索到且可见对应元素：('id', 'kw')
2021-09-13 00:48:49,314-[input.py]-Line: 24 INFO: 输入框：('id', 'kw') 中输入关键字：python
2021-09-13 01:02:44,340-[operateConfigData.py]-Line: 25 INFO: 文件：browser.ini 检索成功，正在获取文件中数据，请稍后...
2021-09-13 01:02:44,350-[operateConfigData.py]-Line: 25 INFO: 文件：connectParam.ini 检索成功，正在获取文件中数据，请稍后...
2021-09-13 01:02:46,013-[browser.py]-Line: 45 INFO: 正在打开：Chrome 浏览器...
2021-09-13 01:02:46,014-[browser.py]-Line: 50 INFO: 设置隐式等待：10s
2021-09-13 01:02:47,349-[browser.py]-Line: 106 INFO: 打开地址：http://www.baidu.com
2021-09-13 01:02:47,446-[wait.py]-Line: 55 INFO: 当前页面中 10s 内已检索到且可见对应元素：('id', 'kw')
2021-09-13 01:02:47,688-[input.py]-Line: 24 INFO: 输入框：('id', 'kw') 中输入关键字：python
2021-09-13 01:02:47,688-[operateConfigData.py]-Line: 25 INFO: 文件：connectParam.ini 检索成功，正在获取文件中数据，请稍后...
2021-09-13 01:02:49,201-[browser.py]-Line: 45 INFO: 正在打开：Chrome 浏览器...
2021-09-13 01:02:49,202-[browser.py]-Line: 50 INFO: 设置隐式等待：10s
2021-09-13 01:07:05,464-[operateConfigData.py]-Line: 25 INFO: 文件：browser.ini 检索成功，正在获取文件中数据，请稍后...
2021-09-13 01:07:05,474-[operateConfigData.py]-Line: 25 INFO: 文件：connectParam.ini 检索成功，正在获取文件中数据，请稍后...
2021-09-13 01:07:07,032-[browser.py]-Line: 45 INFO: 正在打开：Chrome 浏览器...
2021-09-13 01:07:07,033-[browser.py]-Line: 50 INFO: 设置隐式等待：10s
2021-09-13 01:07:08,136-[browser.py]-Line: 106 INFO: 打开地址：http://www.baidu.com
2021-09-13 01:07:08,188-[wait.py]-Line: 55 INFO: 当前页面中 10s 内已检索到且可见对应元素：('id', 'kw')
2021-09-13 01:07:08,386-[input.py]-Line: 24 INFO: 输入框：('id', 'kw') 中输入关键字：python
2021-09-13 01:07:08,468-[wait.py]-Line: 55 INFO: 当前页面中 10s 内已检索到且可见对应元素：('id', 'su')
2021-09-13 01:07:08,606-[click.py]-Line: 24 INFO: 点击页面元素：su
2021-09-13 01:12:15,549-[operateConfigData.py]-Line: 25 INFO: 文件：browser.ini 检索成功，正在获取文件中数据，请稍后...
2021-09-13 01:12:15,549-[operateConfigData.py]-Line: 25 INFO: 文件：connectParam.ini 检索成功，正在获取文件中数据，请稍后...
2021-09-13 01:12:17,003-[browser.py]-Line: 45 INFO: 正在打开：Chrome 浏览器...
2021-09-13 01:12:17,003-[browser.py]-Line: 50 INFO: 设置隐式等待：10s
2021-09-13 01:12:18,212-[browser.py]-Line: 106 INFO: 打开地址：http://www.baidu.com
2021-09-13 01:12:18,310-[wait.py]-Line: 55 INFO: 当前页面中 10s 内已检索到且可见对应元素：('id', 'kw')
2021-09-13 01:12:18,588-[input.py]-Line: 24 INFO: 输入框：('id', 'kw') 中输入关键字：python
2021-09-13 01:12:18,625-[wait.py]-Line: 55 INFO: 当前页面中 10s 内已检索到且可见对应元素：('id', 'su')
2021-09-13 01:12:18,879-[click.py]-Line: 24 INFO: 点击页面元素：su
