2021-09-12 22:27:44,344-[operateConfigData.py]-Line: 25 INFO: 文件：browser.ini 检索成功，正在获取文件中数据，请稍后...
2021-09-12 22:27:44,351-[operateConfigData.py]-Line: 25 INFO: 文件：connectParam.ini 检索成功，正在获取文件中数据，请稍后...
2021-09-12 22:27:46,126-[browser.py]-Line: 47 INFO: 正在打开：Chrome 浏览器...
2021-09-12 22:27:46,126-[browser.py]-Line: 52 INFO: 设置隐式等待：10s
2021-09-12 22:27:47,684-[browser.py]-Line: 108 INFO: 打开地址：https://www.baidu.com
2021-09-12 22:27:47,703-[waitElement.py]-Line: 40 INFO: 当前页面中 10s 内对应元素：kw 已检索到
2021-09-12 22:27:49,881-[browser.py]-Line: 118 INFO: 退出当前浏览器
2021-09-12 22:30:47,440-[operateConfigData.py]-Line: 25 INFO: 文件：browser.ini 检索成功，正在获取文件中数据，请稍后...
2021-09-12 22:30:47,440-[operateConfigData.py]-Line: 25 INFO: 文件：connectParam.ini 检索成功，正在获取文件中数据，请稍后...
2021-09-12 22:30:48,945-[browser.py]-Line: 47 INFO: 正在打开：Chrome 浏览器...
2021-09-12 22:30:48,945-[browser.py]-Line: 52 INFO: 设置隐式等待：10s
2021-09-12 22:30:50,037-[browser.py]-Line: 108 INFO: 打开地址：https://www.baidu.com
2021-09-12 22:41:28,007-[operateConfigData.py]-Line: 25 INFO: 文件：browser.ini 检索成功，正在获取文件中数据，请稍后...
2021-09-12 22:41:28,014-[operateConfigData.py]-Line: 25 INFO: 文件：connectParam.ini 检索成功，正在获取文件中数据，请稍后...
2021-09-12 22:41:29,650-[browser.py]-Line: 47 INFO: 正在打开：Chrome 浏览器...
2021-09-12 22:41:29,651-[browser.py]-Line: 52 INFO: 设置隐式等待：10s
2021-09-12 22:41:30,748-[browser.py]-Line: 108 INFO: 打开地址：https://www.baidu.com
2021-09-12 22:58:26,893-[operateConfigData.py]-Line: 25 INFO: 文件：browser.ini 检索成功，正在获取文件中数据，请稍后...
2021-09-12 22:58:26,899-[operateConfigData.py]-Line: 25 INFO: 文件：connectParam.ini 检索成功，正在获取文件中数据，请稍后...
2021-09-12 22:58:28,764-[browser.py]-Line: 47 INFO: 正在打开：Chrome 浏览器...
2021-09-12 22:58:28,765-[browser.py]-Line: 52 INFO: 设置隐式等待：10s
2021-09-12 22:58:29,947-[browser.py]-Line: 108 INFO: 打开地址：https://www.baidu.com
2021-09-12 22:58:54,589-[operateConfigData.py]-Line: 25 INFO: 文件：browser.ini 检索成功，正在获取文件中数据，请稍后...
2021-09-12 22:58:54,589-[operateConfigData.py]-Line: 25 INFO: 文件：connectParam.ini 检索成功，正在获取文件中数据，请稍后...
2021-09-12 22:58:56,296-[browser.py]-Line: 47 INFO: 正在打开：Chrome 浏览器...
2021-09-12 22:58:56,296-[browser.py]-Line: 52 INFO: 设置隐式等待：10s
2021-09-12 22:58:57,648-[browser.py]-Line: 108 INFO: 打开地址：https://www.baidu.com
2021-09-12 22:59:08,678-[waitElement.py]-Line: 38 ERROR: 当前页面中 10s 内没有找到对应元素：kw1 ！！！
2021-09-12 22:59:10,839-[browser.py]-Line: 118 INFO: 退出当前浏览器
2021-09-12 23:04:25,260-[operateConfigData.py]-Line: 25 INFO: 文件：browser.ini 检索成功，正在获取文件中数据，请稍后...
2021-09-12 23:04:25,260-[operateConfigData.py]-Line: 25 INFO: 文件：connectParam.ini 检索成功，正在获取文件中数据，请稍后...
2021-09-12 23:04:26,969-[browser.py]-Line: 47 INFO: 正在打开：Chrome 浏览器...
2021-09-12 23:04:26,969-[browser.py]-Line: 52 INFO: 设置隐式等待：10s
2021-09-12 23:04:28,222-[browser.py]-Line: 108 INFO: 打开地址：https://www.baidu.com
2021-09-12 23:04:43,900-[operateConfigData.py]-Line: 25 INFO: 文件：browser.ini 检索成功，正在获取文件中数据，请稍后...
2021-09-12 23:04:43,900-[operateConfigData.py]-Line: 25 INFO: 文件：connectParam.ini 检索成功，正在获取文件中数据，请稍后...
2021-09-12 23:04:45,452-[browser.py]-Line: 47 INFO: 正在打开：Chrome 浏览器...
2021-09-12 23:04:45,453-[browser.py]-Line: 52 INFO: 设置隐式等待：10s
2021-09-12 23:04:46,626-[browser.py]-Line: 108 INFO: 打开地址：https://www.baidu.com
2021-09-12 23:04:59,030-[operateConfigData.py]-Line: 25 INFO: 文件：browser.ini 检索成功，正在获取文件中数据，请稍后...
2021-09-12 23:04:59,030-[operateConfigData.py]-Line: 25 INFO: 文件：connectParam.ini 检索成功，正在获取文件中数据，请稍后...
2021-09-12 23:05:00,723-[browser.py]-Line: 47 INFO: 正在打开：Chrome 浏览器...
2021-09-12 23:05:00,723-[browser.py]-Line: 52 INFO: 设置隐式等待：10s
2021-09-12 23:05:01,941-[browser.py]-Line: 108 INFO: 打开地址：https://www.baidu.com
2021-09-12 23:07:59,225-[operateConfigData.py]-Line: 25 INFO: 文件：browser.ini 检索成功，正在获取文件中数据，请稍后...
2021-09-12 23:07:59,235-[operateConfigData.py]-Line: 25 INFO: 文件：connectParam.ini 检索成功，正在获取文件中数据，请稍后...
2021-09-12 23:08:00,795-[browser.py]-Line: 47 INFO: 正在打开：Chrome 浏览器...
2021-09-12 23:08:00,795-[browser.py]-Line: 52 INFO: 设置隐式等待：10s
2021-09-12 23:08:01,779-[browser.py]-Line: 108 INFO: 打开地址：https://www.baidu.com
2021-09-12 23:08:12,845-[waitElement.py]-Line: 36 ERROR: 当前页面中 10s 内没有找到对应元素：kw1 ！！！
2021-09-12 23:08:14,975-[browser.py]-Line: 118 INFO: 退出当前浏览器
2021-09-12 23:45:56,334-[operateConfigData.py]-Line: 25 INFO: 文件：browser.ini 检索成功，正在获取文件中数据，请稍后...
2021-09-12 23:45:56,334-[operateConfigData.py]-Line: 25 INFO: 文件：connectParam.ini 检索成功，正在获取文件中数据，请稍后...
2021-09-12 23:45:57,956-[browser.py]-Line: 46 INFO: 正在打开：Chrome 浏览器...
2021-09-12 23:45:57,957-[browser.py]-Line: 51 INFO: 设置隐式等待：10s
2021-09-12 23:45:59,126-[browser.py]-Line: 107 INFO: 打开地址：http://www.baidu.com
2021-09-12 23:45:59,190-[waitElement.py]-Line: 58 INFO: 当前页面中 10s 内已检索到且可见对应元素：kw
2021-09-12 23:54:10,267-[operateConfigData.py]-Line: 25 INFO: 文件：browser.ini 检索成功，正在获取文件中数据，请稍后...
2021-09-12 23:54:10,267-[operateConfigData.py]-Line: 25 INFO: 文件：connectParam.ini 检索成功，正在获取文件中数据，请稍后...
2021-09-12 23:54:12,111-[browser.py]-Line: 46 INFO: 正在打开：Chrome 浏览器...
2021-09-12 23:54:12,112-[browser.py]-Line: 51 INFO: 设置隐式等待：10s
2021-09-12 23:54:13,450-[browser.py]-Line: 107 INFO: 打开地址：http://www.baidu.com
2021-09-12 23:54:13,561-[waitElement.py]-Line: 58 INFO: 当前页面中 10s 内已检索到且可见对应元素：kw
2021-09-12 23:55:42,116-[operateConfigData.py]-Line: 25 INFO: 文件：browser.ini 检索成功，正在获取文件中数据，请稍后...
2021-09-12 23:55:42,116-[operateConfigData.py]-Line: 25 INFO: 文件：connectParam.ini 检索成功，正在获取文件中数据，请稍后...
2021-09-12 23:55:43,825-[browser.py]-Line: 46 INFO: 正在打开：Chrome 浏览器...
2021-09-12 23:55:43,825-[browser.py]-Line: 51 INFO: 设置隐式等待：10s
2021-09-12 23:55:45,016-[browser.py]-Line: 107 INFO: 打开地址：http://www.baidu.com
2021-09-12 23:55:45,072-[waitElement.py]-Line: 58 INFO: 当前页面中 10s 内已检索到且可见对应元素：kw
